Using pre-set license
Built from '2020.3/staging' branch; Version is '2020.3.17f1 (a4537701e4ab) revision 10769271'; Using compiler version '192528614'; Build Type 'Release'
OS: 'Windows 10 Pro; OS build 19043.1165; Version 2009; 64bit' Language: 'es' Physical Memory: 16339 MB
BatchMode: 1, IsHumanControllingUs: 0, StartBugReporterOnCrash: 0, Is64bit: 1, IsPro: 0

COMMAND LINE ARGUMENTS:
D:\Program Files\2020.3.17f1\Editor\Unity.exe
-adb2
-batchMode
-noUpm
-name
AssetImportWorker0
-projectPath
D:/Tareas Facu/Programas/UnityProyects/KadmosProyect
-logFile
Logs/AssetImportWorker0.log
-srvPort
65025
Successfully changed project path to: D:/Tareas Facu/Programas/UnityProyects/KadmosProyect
D:/Tareas Facu/Programas/UnityProyects/KadmosProyect
Using Asset Import Pipeline V2.
Refreshing native plugins compatible for Editor in 36.14 ms, found 2 plugins.
Preloading 0 native plugins for Editor in 0.00 ms.
Initialize engine version: 2020.3.17f1 (a4537701e4ab)
[Subsystems] Discovering subsystems at path D:/Program Files/2020.3.17f1/Editor/Data/Resources/UnitySubsystems
[Subsystems] Discovering subsystems at path D:/Tareas Facu/Programas/UnityProyects/KadmosProyect/Assets
GfxDevice: creating device client; threaded=0
Direct3D:
    Version:  Direct3D 11.0 [level 11.1]
    Renderer: NVIDIA GeForce GTX 1050 Ti (ID=0x1c82)
    Vendor:   
    VRAM:     4018 MB
    Driver:   27.21.14.6589
Initialize mono
Mono path[0] = 'D:/Program Files/2020.3.17f1/Editor/Data/Managed'
Mono path[1] = 'D:/Program Files/2020.3.17f1/Editor/Data/MonoBleedingEdge/lib/mono/unityjit'
Mono config path = 'D:/Program Files/2020.3.17f1/Editor/Data/MonoBleedingEdge/etc'
Using monoOptions --debugger-agent=transport=dt_socket,embedding=1,server=y,suspend=n,address=127.0.0.1:56576
Begin MonoManager ReloadAssembly
Registering precompiled unity dll's ...
Register platform support module: D:/Program Files/2020.3.17f1/Editor/Data/PlaybackEngines/WindowsStandaloneSupport/UnityEditor.WindowsStandalone.Extensions.dll
Registered in 0.001375 seconds.
Native extension for WindowsStandalone target not found
Refreshing native plugins compatible for Editor in 32.93 ms, found 2 plugins.
Preloading 0 native plugins for Editor in 0.00 ms.
Mono: successfully reloaded assembly
- Completed reload, in  1.573 seconds
Domain Reload Profiling:
	ReloadAssembly (1573ms)
		BeginReloadAssembly (88ms)
			ExecutionOrderSort (0ms)
			DisableScriptedObjects (0ms)
			BackupInstance (0ms)
			ReleaseScriptingObjects (0ms)
			CreateAndSetChildDomain (1ms)
		EndReloadAssembly (558ms)
			LoadAssemblies (88ms)
			RebuildTransferFunctionScriptingTraits (0ms)
			SetupTypeCache (193ms)
			ReleaseScriptCaches (0ms)
			RebuildScriptCaches (40ms)
			SetupLoadedEditorAssemblies (239ms)
				LogAssemblyErrors (0ms)
				InitializePlatformSupportModulesInManaged (5ms)
				SetLoadedEditorAssemblies (0ms)
				RefreshPlugins (33ms)
				BeforeProcessingInitializeOnLoad (20ms)
				ProcessInitializeOnLoadAttributes (129ms)
				ProcessInitializeOnLoadMethodAttributes (51ms)
				AfterProcessingInitializeOnLoad (0ms)
				EditorAssembliesLoaded (0ms)
			ExecutionOrderSort2 (0ms)
			AwakeInstancesAfterBackupRestoration (0ms)
Platform modules already initialized, skipping
Registering precompiled user dll's ...
Registered in 0.005903 seconds.
Begin MonoManager ReloadAssembly
Native extension for WindowsStandalone target not found
Refreshing native plugins compatible for Editor in 0.42 ms, found 2 plugins.
Preloading 0 native plugins for Editor in 0.00 ms.
Mono: successfully reloaded assembly
- Completed reload, in  1.726 seconds
Domain Reload Profiling:
	ReloadAssembly (1727ms)
		BeginReloadAssembly (211ms)
			ExecutionOrderSort (0ms)
			DisableScriptedObjects (7ms)
			BackupInstance (0ms)
			ReleaseScriptingObjects (0ms)
			CreateAndSetChildDomain (24ms)
		EndReloadAssembly (1419ms)
			LoadAssemblies (139ms)
			RebuildTransferFunctionScriptingTraits (0ms)
			SetupTypeCache (432ms)
			ReleaseScriptCaches (1ms)
			RebuildScriptCaches (71ms)
			SetupLoadedEditorAssemblies (643ms)
				LogAssemblyErrors (0ms)
				InitializePlatformSupportModulesInManaged (7ms)
				SetLoadedEditorAssemblies (1ms)
				RefreshPlugins (1ms)
				BeforeProcessingInitializeOnLoad (126ms)
				ProcessInitializeOnLoadAttributes (494ms)
				ProcessInitializeOnLoadMethodAttributes (10ms)
				AfterProcessingInitializeOnLoad (5ms)
				EditorAssembliesLoaded (0ms)
			ExecutionOrderSort2 (0ms)
			AwakeInstancesAfterBackupRestoration (10ms)
Platform modules already initialized, skipping
========================================================================
Worker process is ready to serve import requests
Launched and connected shader compiler UnityShaderCompiler.exe after 0.12 seconds
Refreshing native plugins compatible for Editor in 0.41 ms, found 2 plugins.
Preloading 0 native plugins for Editor in 0.00 ms.
Unloading 1398 Unused Serialized files (Serialized files now loaded: 0)
System memory in use before: 65.8 MB.
System memory in use after: 65.8 MB.

Unloading 18 unused Assets to reduce memory usage. Loaded Objects now: 1833.
Total: 5.401300 ms (FindLiveObjects: 0.236200 ms CreateObjectMapping: 0.070200 ms MarkObjects: 4.974800 ms  DeleteObjects: 0.118000 ms)

AssetImportParameters requested are different than current active one (requested -> active):
  custom:framework-win-MediaFoundation: 216162199b28c13a410421893ffa2e32 -> 
  custom:video-decoder-ogg-theora: a1e56fd34408186e4bbccfd4996cb3dc -> 
  custom:container-muxer-webm: aa71ff27fc2769a1b78a27578f13a17b -> 
  custom:container-demuxer-webm: 4f35f7cbe854078d1ac9338744f61a02 -> 
  custom:container-demuxer-ogg: 62fdf1f143b41e24485cea50d1cbac27 -> 
  custom:video-encoder-webm-vp8: eb34c28f22e8b96e1ab97ce403110664 -> 
  custom:video-decoder-webm-vp8: 9c59270c3fd7afecdb556c50c9e8de78 -> 
  custom:audio-decoder-ogg-vorbis: bf7c407c2cedff20999df2af8eb42d56 -> 
  custom:audio-encoder-webm-vorbis: bf7c407c2cedff20999df2af8eb42d56 -> 
========================================================================
Received Import Request.
  path: Assets/baston.obj
  artifactKey: Guid(142b899f6e2682245892d96b1b9429a0) Importer(815301076,1909f56bfc062723c751e8b465ee728b)
Start importing Assets/baston.obj using Guid(142b899f6e2682245892d96b1b9429a0) Importer(815301076,1909f56bfc062723c751e8b465ee728b)  -> (artifact id: 'cebb5a9c66674b31d51fc96a653e447d') in 0.624000 seconds 
  Import took 0.627291 seconds .

========================================================================
Received Import Request.
  Time since last request: 147.301854 seconds.
  path: Assets/baston.obj
  artifactKey: Guid(142b899f6e2682245892d96b1b9429a0) Importer(815301076,1909f56bfc062723c751e8b465ee728b)
Start importing Assets/baston.obj using Guid(142b899f6e2682245892d96b1b9429a0) Importer(815301076,1909f56bfc062723c751e8b465ee728b)  -> (artifact id: '0b05a0c890ea4d4c31026683d0b1dd15') in 0.033880 seconds 
  Import took 0.042747 seconds .

========================================================================
Received Import Request.
  Time since last request: 65.006753 seconds.
  path: Assets/baston.obj
  artifactKey: Guid(142b899f6e2682245892d96b1b9429a0) Importer(815301076,1909f56bfc062723c751e8b465ee728b)
Start importing Assets/baston.obj using Guid(142b899f6e2682245892d96b1b9429a0) Importer(815301076,1909f56bfc062723c751e8b465ee728b)  -> (artifact id: 'b1d72eb749721fc696b1d1ccc78d15e6') in 0.038892 seconds 
  Import took 0.042025 seconds .

========================================================================
Received Import Request.
  Time since last request: 38.427180 seconds.
  path: Assets/baston.mtl
  artifactKey: Guid(dc6b927b0caba014389b61e4772094b7) Importer(815301076,1909f56bfc062723c751e8b465ee728b)
Start importing Assets/baston.mtl using Guid(dc6b927b0caba014389b61e4772094b7) Importer(815301076,1909f56bfc062723c751e8b465ee728b)  -> (artifact id: 'aaf9f185f358c013882f8255b1dedc90') in 0.007227 seconds 
  Import took 0.010261 seconds .

========================================================================
Received Import Request.
  Time since last request: 5642.627956 seconds.
  path: Assets/baston.obj
  artifactKey: Guid(142b899f6e2682245892d96b1b9429a0) Importer(815301076,1909f56bfc062723c751e8b465ee728b)
Start importing Assets/baston.obj using Guid(142b899f6e2682245892d96b1b9429a0) Importer(815301076,1909f56bfc062723c751e8b465ee728b)  -> (artifact id: 'af5cb253d6130781f29cca80496c4471') in 0.053775 seconds 
  Import took 0.057718 seconds .

========================================================================
Received Import Request.
  Time since last request: 21.704045 seconds.
  path: Assets/baston.obj
  artifactKey: Guid(142b899f6e2682245892d96b1b9429a0) Importer(815301076,1909f56bfc062723c751e8b465ee728b)
Start importing Assets/baston.obj using Guid(142b899f6e2682245892d96b1b9429a0) Importer(815301076,1909f56bfc062723c751e8b465ee728b)  -> (artifact id: '9cd9cef9026a5e2f3c54d57ca8ab2337') in 0.031566 seconds 
  Import took 0.034936 seconds .

========================================================================
Received Import Request.
  Time since last request: 74.774713 seconds.
  path: Assets/baston.glb
  artifactKey: Guid(5d6bd0c19567d1e49ac808e2dd957844) Importer(815301076,1909f56bfc062723c751e8b465ee728b)
Start importing Assets/baston.glb using Guid(5d6bd0c19567d1e49ac808e2dd957844) Importer(815301076,1909f56bfc062723c751e8b465ee728b)  -> (artifact id: '7368d4b8ad4a5b0c001e040f75dd16cb') in 0.009874 seconds 
  Import took 0.013075 seconds .

========================================================================
Received Import Request.
  Time since last request: 396.434703 seconds.
  path: Assets/baston.fbx
  artifactKey: Guid(f335cf5d05479684ba472ab5d0b629a8) Importer(815301076,1909f56bfc062723c751e8b465ee728b)
Start importing Assets/baston.fbx using Guid(f335cf5d05479684ba472ab5d0b629a8) Importer(815301076,1909f56bfc062723c751e8b465ee728b)  -> (artifact id: '344ff3df198a8ab0643cd8fc44a995ec') in 0.069689 seconds 
  Import took 0.073911 seconds .

========================================================================
Received Import Request.
  Time since last request: 55.970146 seconds.
  path: Assets/baston.fbx
  artifactKey: Guid(f335cf5d05479684ba472ab5d0b629a8) Importer(815301076,1909f56bfc062723c751e8b465ee728b)
Start importing Assets/baston.fbx using Guid(f335cf5d05479684ba472ab5d0b629a8) Importer(815301076,1909f56bfc062723c751e8b465ee728b)  -> (artifact id: '07f216c89c2fb12575b8d3f7052af2b0') in 0.054940 seconds 
  Import took 0.058241 seconds .

========================================================================
Received Import Request.
  Time since last request: 18.620522 seconds.
  path: Assets/baston 1.fbx
  artifactKey: Guid(c8b13d14ea4c2944aad0268f0916308d) Importer(815301076,1909f56bfc062723c751e8b465ee728b)
Start importing Assets/baston 1.fbx using Guid(c8b13d14ea4c2944aad0268f0916308d) Importer(815301076,1909f56bfc062723c751e8b465ee728b)  -> (artifact id: '9937a566eaa7850ddc97f6d5b314da40') in 0.056751 seconds 
  Import took 0.059936 seconds .

========================================================================
Received Import Request.
  Time since last request: 95.923980 seconds.
  path: Assets/baston.fbx
  artifactKey: Guid(f335cf5d05479684ba472ab5d0b629a8) Importer(815301076,1909f56bfc062723c751e8b465ee728b)
Start importing Assets/baston.fbx using Guid(f335cf5d05479684ba472ab5d0b629a8) Importer(815301076,1909f56bfc062723c751e8b465ee728b)  -> (artifact id: '3658c6f5a3157d2b427296cd5cb9e064') in 0.059263 seconds 
  Import took 0.062425 seconds .

========================================================================
Received Import Request.
  Time since last request: 4127.256865 seconds.
  path: Assets/BastonX4.fbx
  artifactKey: Guid(3fea00ecd92cda54f9f569f3460e6558) Importer(815301076,1909f56bfc062723c751e8b465ee728b)
Start importing Assets/BastonX4.fbx using Guid(3fea00ecd92cda54f9f569f3460e6558) Importer(815301076,1909f56bfc062723c751e8b465ee728b)  -> (artifact id: '2491659b082b8009f8ff4f36c6628ce7') in 0.037390 seconds 
  Import took 0.052317 seconds .

========================================================================
Received Prepare
Registering precompiled user dll's ...
Registered in 0.153209 seconds.
Begin MonoManager ReloadAssembly
Native extension for WindowsStandalone target not found
Refreshing native plugins compatible for Editor in 0.47 ms, found 2 plugins.
Preloading 0 native plugins for Editor in 0.00 ms.
Mono: successfully reloaded assembly
- Completed reload, in  1.520 seconds
Domain Reload Profiling:
	ReloadAssembly (1521ms)
		BeginReloadAssembly (196ms)
			ExecutionOrderSort (0ms)
			DisableScriptedObjects (6ms)
			BackupInstance (0ms)
			ReleaseScriptingObjects (0ms)
			CreateAndSetChildDomain (75ms)
		EndReloadAssembly (1254ms)
			LoadAssemblies (133ms)
			RebuildTransferFunctionScriptingTraits (0ms)
			SetupTypeCache (321ms)
			ReleaseScriptCaches (1ms)
			RebuildScriptCaches (47ms)
			SetupLoadedEditorAssemblies (571ms)
				LogAssemblyErrors (0ms)
				InitializePlatformSupportModulesInManaged (6ms)
				SetLoadedEditorAssemblies (1ms)
				RefreshPlugins (1ms)
				BeforeProcessingInitializeOnLoad (75ms)
				ProcessInitializeOnLoadAttributes (480ms)
				ProcessInitializeOnLoadMethodAttributes (5ms)
				AfterProcessingInitializeOnLoad (3ms)
				EditorAssembliesLoaded (1ms)
			ExecutionOrderSort2 (0ms)
			AwakeInstancesAfterBackupRestoration (9ms)
Platform modules already initialized, skipping
Refreshing native plugins compatible for Editor in 0.35 ms, found 2 plugins.
Preloading 0 native plugins for Editor in 0.00 ms.
Unloading 1392 Unused Serialized files (Serialized files now loaded: 0)
System memory in use before: 69.1 MB.
System memory in use after: 69.2 MB.

Unloading 13 unused Assets to reduce memory usage. Loaded Objects now: 1878.
Total: 2.994100 ms (FindLiveObjects: 0.174900 ms CreateObjectMapping: 0.047000 ms MarkObjects: 2.729000 ms  DeleteObjects: 0.041900 ms)

AssetImportParameters requested are different than current active one (requested -> active):
  custom:framework-win-MediaFoundation: 216162199b28c13a410421893ffa2e32 -> 
  custom:video-decoder-ogg-theora: a1e56fd34408186e4bbccfd4996cb3dc -> 
  custom:container-muxer-webm: aa71ff27fc2769a1b78a27578f13a17b -> 
  custom:container-demuxer-webm: 4f35f7cbe854078d1ac9338744f61a02 -> 
  custom:container-demuxer-ogg: 62fdf1f143b41e24485cea50d1cbac27 -> 
  custom:video-encoder-webm-vp8: eb34c28f22e8b96e1ab97ce403110664 -> 
  custom:video-decoder-webm-vp8: 9c59270c3fd7afecdb556c50c9e8de78 -> 
  custom:audio-decoder-ogg-vorbis: bf7c407c2cedff20999df2af8eb42d56 -> 
  custom:audio-encoder-webm-vorbis: bf7c407c2cedff20999df2af8eb42d56 -> 
========================================================================
Received Import Request.
  Time since last request: 740.093495 seconds.
  path: Assets/BastonX4.fbx
  artifactKey: Guid(3fea00ecd92cda54f9f569f3460e6558) Importer(815301076,1909f56bfc062723c751e8b465ee728b)
Start importing Assets/BastonX4.fbx using Guid(3fea00ecd92cda54f9f569f3460e6558) Importer(815301076,1909f56bfc062723c751e8b465ee728b)  -> (artifact id: 'e511112c1520e852be6e556f459ae177') in 0.041244 seconds 
  Import took 0.048097 seconds .

========================================================================
Received Import Request.
  Time since last request: 34.808692 seconds.
  path: Assets/BastonX4.fbx
  artifactKey: Guid(3fea00ecd92cda54f9f569f3460e6558) Importer(815301076,1909f56bfc062723c751e8b465ee728b)
Start importing Assets/BastonX4.fbx using Guid(3fea00ecd92cda54f9f569f3460e6558) Importer(815301076,1909f56bfc062723c751e8b465ee728b)  -> (artifact id: '2c2eb27752df167d77f2d5a499c35885') in 0.105980 seconds 
  Import took 0.109022 seconds .

========================================================================
Received Prepare
Registering precompiled user dll's ...
Registered in 0.004264 seconds.
Begin MonoManager ReloadAssembly
Native extension for WindowsStandalone target not found
Refreshing native plugins compatible for Editor in 0.37 ms, found 2 plugins.
Preloading 0 native plugins for Editor in 0.00 ms.
Mono: successfully reloaded assembly
- Completed reload, in  1.283 seconds
Domain Reload Profiling:
	ReloadAssembly (1283ms)
		BeginReloadAssembly (150ms)
			ExecutionOrderSort (0ms)
			DisableScriptedObjects (5ms)
			BackupInstance (0ms)
			ReleaseScriptingObjects (0ms)
			CreateAndSetChildDomain (38ms)
		EndReloadAssembly (1067ms)
			LoadAssemblies (119ms)
			RebuildTransferFunctionScriptingTraits (0ms)
			SetupTypeCache (341ms)
			ReleaseScriptCaches (1ms)
			RebuildScriptCaches (47ms)
			SetupLoadedEditorAssemblies (463ms)
				LogAssemblyErrors (0ms)
				InitializePlatformSupportModulesInManaged (5ms)
				SetLoadedEditorAssemblies (1ms)
				RefreshPlugins (1ms)
				BeforeProcessingInitializeOnLoad (79ms)
				ProcessInitializeOnLoadAttributes (369ms)
				ProcessInitializeOnLoadMethodAttributes (4ms)
				AfterProcessingInitializeOnLoad (4ms)
				EditorAssembliesLoaded (0ms)
			ExecutionOrderSort2 (0ms)
			AwakeInstancesAfterBackupRestoration (7ms)
Platform modules already initialized, skipping
Refreshing native plugins compatible for Editor in 0.35 ms, found 2 plugins.
Preloading 0 native plugins for Editor in 0.00 ms.
Unloading 1392 Unused Serialized files (Serialized files now loaded: 0)
System memory in use before: 69.1 MB.
System memory in use after: 69.3 MB.

Unloading 13 unused Assets to reduce memory usage. Loaded Objects now: 1881.
Total: 3.205300 ms (FindLiveObjects: 0.157700 ms CreateObjectMapping: 0.046700 ms MarkObjects: 2.942900 ms  DeleteObjects: 0.056900 ms)

AssetImportParameters requested are different than current active one (requested -> active):
  custom:framework-win-MediaFoundation: 216162199b28c13a410421893ffa2e32 -> 
  custom:video-decoder-ogg-theora: a1e56fd34408186e4bbccfd4996cb3dc -> 
  custom:container-muxer-webm: aa71ff27fc2769a1b78a27578f13a17b -> 
  custom:container-demuxer-webm: 4f35f7cbe854078d1ac9338744f61a02 -> 
  custom:container-demuxer-ogg: 62fdf1f143b41e24485cea50d1cbac27 -> 
  custom:video-encoder-webm-vp8: eb34c28f22e8b96e1ab97ce403110664 -> 
  custom:video-decoder-webm-vp8: 9c59270c3fd7afecdb556c50c9e8de78 -> 
  custom:audio-decoder-ogg-vorbis: bf7c407c2cedff20999df2af8eb42d56 -> 
  custom:audio-encoder-webm-vorbis: bf7c407c2cedff20999df2af8eb42d56 -> 
========================================================================
Received Import Request.
  Time since last request: 328.266096 seconds.
  path: Assets/Materials/Baston
  artifactKey: Guid(ab0acf541b77b634bbb1fc057f6ae302) Importer(815301076,1909f56bfc062723c751e8b465ee728b)
Start importing Assets/Materials/Baston using Guid(ab0acf541b77b634bbb1fc057f6ae302) Importer(815301076,1909f56bfc062723c751e8b465ee728b)  -> (artifact id: '250b071dd5b96771ff46f86024028133') in 0.009512 seconds 
  Import took 0.012213 seconds .

========================================================================
Received Import Request.
  Time since last request: 7.936023 seconds.
  path: Assets/Materials/Baston/Neon.mat
  artifactKey: Guid(ffb5d97c6beee5849b06857edc96848d) Importer(815301076,1909f56bfc062723c751e8b465ee728b)
Start importing Assets/Materials/Baston/Neon.mat using Guid(ffb5d97c6beee5849b06857edc96848d) Importer(815301076,1909f56bfc062723c751e8b465ee728b)  -> (artifact id: '37a5a1aa35aa0642a53da3e3bb6e4229') in 0.072875 seconds 
  Import took 0.075733 seconds .

========================================================================
Received Prepare
Registering precompiled user dll's ...
Registered in 0.005598 seconds.
Begin MonoManager ReloadAssembly
Native extension for WindowsStandalone target not found
Refreshing native plugins compatible for Editor in 0.33 ms, found 2 plugins.
Preloading 0 native plugins for Editor in 0.00 ms.
Mono: successfully reloaded assembly
- Completed reload, in  1.154 seconds
Domain Reload Profiling:
	ReloadAssembly (1154ms)
		BeginReloadAssembly (133ms)
			ExecutionOrderSort (0ms)
			DisableScriptedObjects (4ms)
			BackupInstance (0ms)
			ReleaseScriptingObjects (0ms)
			CreateAndSetChildDomain (36ms)
		EndReloadAssembly (957ms)
			LoadAssemblies (120ms)
			RebuildTransferFunctionScriptingTraits (0ms)
			SetupTypeCache (297ms)
			ReleaseScriptCaches (1ms)
			RebuildScriptCaches (41ms)
			SetupLoadedEditorAssemblies (414ms)
				LogAssemblyErrors (0ms)
				InitializePlatformSupportModulesInManaged (5ms)
				SetLoadedEditorAssemblies (0ms)
				RefreshPlugins (0ms)
				BeforeProcessingInitializeOnLoad (77ms)
				ProcessInitializeOnLoadAttributes (324ms)
				ProcessInitializeOnLoadMethodAttributes (4ms)
				AfterProcessingInitializeOnLoad (3ms)
				EditorAssembliesLoaded (0ms)
			ExecutionOrderSort2 (0ms)
			AwakeInstancesAfterBackupRestoration (8ms)
Platform modules already initialized, skipping
Refreshing native plugins compatible for Editor in 0.36 ms, found 2 plugins.
Preloading 0 native plugins for Editor in 0.00 ms.
Unloading 1392 Unused Serialized files (Serialized files now loaded: 0)
System memory in use before: 69.2 MB.
System memory in use after: 69.3 MB.

Unloading 13 unused Assets to reduce memory usage. Loaded Objects now: 1884.
Total: 3.194200 ms (FindLiveObjects: 0.159000 ms CreateObjectMapping: 0.051400 ms MarkObjects: 2.939500 ms  DeleteObjects: 0.043200 ms)

AssetImportParameters requested are different than current active one (requested -> active):
  custom:framework-win-MediaFoundation: 216162199b28c13a410421893ffa2e32 -> 
  custom:video-decoder-ogg-theora: a1e56fd34408186e4bbccfd4996cb3dc -> 
  custom:container-muxer-webm: aa71ff27fc2769a1b78a27578f13a17b -> 
  custom:container-demuxer-webm: 4f35f7cbe854078d1ac9338744f61a02 -> 
  custom:container-demuxer-ogg: 62fdf1f143b41e24485cea50d1cbac27 -> 
  custom:video-encoder-webm-vp8: eb34c28f22e8b96e1ab97ce403110664 -> 
  custom:video-decoder-webm-vp8: 9c59270c3fd7afecdb556c50c9e8de78 -> 
  custom:audio-decoder-ogg-vorbis: bf7c407c2cedff20999df2af8eb42d56 -> 
  custom:audio-encoder-webm-vorbis: bf7c407c2cedff20999df2af8eb42d56 -> 
========================================================================
Received Prepare
Registering precompiled user dll's ...
Registered in 0.004596 seconds.
Begin MonoManager ReloadAssembly
Native extension for WindowsStandalone target not found
Refreshing native plugins compatible for Editor in 0.33 ms, found 2 plugins.
Preloading 0 native plugins for Editor in 0.00 ms.
Mono: successfully reloaded assembly
- Completed reload, in  1.140 seconds
Domain Reload Profiling:
	ReloadAssembly (1141ms)
		BeginReloadAssembly (142ms)
			ExecutionOrderSort (0ms)
			DisableScriptedObjects (6ms)
			BackupInstance (0ms)
			ReleaseScriptingObjects (0ms)
			CreateAndSetChildDomain (35ms)
		EndReloadAssembly (934ms)
			LoadAssemblies (117ms)
			RebuildTransferFunctionScriptingTraits (0ms)
			SetupTypeCache (304ms)
			ReleaseScriptCaches (1ms)
			RebuildScriptCaches (40ms)
			SetupLoadedEditorAssemblies (387ms)
				LogAssemblyErrors (0ms)
				InitializePlatformSupportModulesInManaged (6ms)
				SetLoadedEditorAssemblies (0ms)
				RefreshPlugins (0ms)
				BeforeProcessingInitializeOnLoad (72ms)
				ProcessInitializeOnLoadAttributes (301ms)
				ProcessInitializeOnLoadMethodAttributes (4ms)
				AfterProcessingInitializeOnLoad (3ms)
				EditorAssembliesLoaded (0ms)
			ExecutionOrderSort2 (0ms)
			AwakeInstancesAfterBackupRestoration (7ms)
Platform modules already initialized, skipping
Refreshing native plugins compatible for Editor in 0.41 ms, found 2 plugins.
Preloading 0 native plugins for Editor in 0.00 ms.
Unloading 1392 Unused Serialized files (Serialized files now loaded: 0)
System memory in use before: 69.2 MB.
System memory in use after: 69.3 MB.

Unloading 13 unused Assets to reduce memory usage. Loaded Objects now: 1886.
Total: 3.038500 ms (FindLiveObjects: 0.171600 ms CreateObjectMapping: 0.048600 ms MarkObjects: 2.781500 ms  DeleteObjects: 0.035500 ms)

AssetImportParameters requested are different than current active one (requested -> active):
  custom:framework-win-MediaFoundation: 216162199b28c13a410421893ffa2e32 -> 
  custom:video-decoder-ogg-theora: a1e56fd34408186e4bbccfd4996cb3dc -> 
  custom:container-muxer-webm: aa71ff27fc2769a1b78a27578f13a17b -> 
  custom:container-demuxer-webm: 4f35f7cbe854078d1ac9338744f61a02 -> 
  custom:container-demuxer-ogg: 62fdf1f143b41e24485cea50d1cbac27 -> 
  custom:video-encoder-webm-vp8: eb34c28f22e8b96e1ab97ce403110664 -> 
  custom:video-decoder-webm-vp8: 9c59270c3fd7afecdb556c50c9e8de78 -> 
  custom:audio-decoder-ogg-vorbis: bf7c407c2cedff20999df2af8eb42d56 -> 
  custom:audio-encoder-webm-vorbis: bf7c407c2cedff20999df2af8eb42d56 -> 
========================================================================
Received Import Request.
  Time since last request: 912.965161 seconds.
  path: Assets/Scripts/IcosPhere.cs
  artifactKey: Guid(767dafdca7d04fc44a865d9b684eeb04) Importer(815301076,1909f56bfc062723c751e8b465ee728b)
Start importing Assets/Scripts/IcosPhere.cs using Guid(767dafdca7d04fc44a865d9b684eeb04) Importer(815301076,1909f56bfc062723c751e8b465ee728b)  -> (artifact id: '184b347a4cae7ddbeef12f1d9a75d85f') in 0.037812 seconds 
  Import took 0.042812 seconds .

========================================================================
Received Prepare
Registering precompiled user dll's ...
Registered in 0.006046 seconds.
Begin MonoManager ReloadAssembly
Native extension for WindowsStandalone target not found
Refreshing native plugins compatible for Editor in 0.35 ms, found 2 plugins.
Preloading 0 native plugins for Editor in 0.00 ms.
Mono: successfully reloaded assembly
- Completed reload, in  2.760 seconds
Domain Reload Profiling:
	ReloadAssembly (2760ms)
		BeginReloadAssembly (260ms)
			ExecutionOrderSort (0ms)
			DisableScriptedObjects (7ms)
			BackupInstance (0ms)
			ReleaseScriptingObjects (0ms)
			CreateAndSetChildDomain (48ms)
		EndReloadAssembly (2073ms)
			LoadAssemblies (243ms)
			RebuildTransferFunctionScriptingTraits (0ms)
			SetupTypeCache (825ms)
			ReleaseScriptCaches (1ms)
			RebuildScriptCaches (74ms)
			SetupLoadedEditorAssemblies (799ms)
				LogAssemblyErrors (0ms)
				InitializePlatformSupportModulesInManaged (13ms)
				SetLoadedEditorAssemblies (1ms)
				RefreshPlugins (0ms)
				BeforeProcessingInitializeOnLoad (203ms)
				ProcessInitializeOnLoadAttributes (572ms)
				ProcessInitializeOnLoadMethodAttributes (7ms)
				AfterProcessingInitializeOnLoad (3ms)
				EditorAssembliesLoaded (0ms)
			ExecutionOrderSort2 (0ms)
			AwakeInstancesAfterBackupRestoration (9ms)
Platform modules already initialized, skipping
Refreshing native plugins compatible for Editor in 0.49 ms, found 2 plugins.
Preloading 0 native plugins for Editor in 0.00 ms.
Unloading 1393 Unused Serialized files (Serialized files now loaded: 0)
System memory in use before: 69.2 MB.
System memory in use after: 69.3 MB.

Unloading 13 unused Assets to reduce memory usage. Loaded Objects now: 1889.
Total: 3.146500 ms (FindLiveObjects: 0.163500 ms CreateObjectMapping: 0.050800 ms MarkObjects: 2.912300 ms  DeleteObjects: 0.018500 ms)

AssetImportParameters requested are different than current active one (requested -> active):
  custom:framework-win-MediaFoundation: 216162199b28c13a410421893ffa2e32 -> 
  custom:video-decoder-ogg-theora: a1e56fd34408186e4bbccfd4996cb3dc -> 
  custom:container-muxer-webm: aa71ff27fc2769a1b78a27578f13a17b -> 
  custom:container-demuxer-webm: 4f35f7cbe854078d1ac9338744f61a02 -> 
  custom:container-demuxer-ogg: 62fdf1f143b41e24485cea50d1cbac27 -> 
  custom:video-encoder-webm-vp8: eb34c28f22e8b96e1ab97ce403110664 -> 
  custom:video-decoder-webm-vp8: 9c59270c3fd7afecdb556c50c9e8de78 -> 
  custom:audio-decoder-ogg-vorbis: bf7c407c2cedff20999df2af8eb42d56 -> 
  custom:audio-encoder-webm-vorbis: bf7c407c2cedff20999df2af8eb42d56 -> 
========================================================================
Received Import Request.
  Time since last request: 46.181187 seconds.
  path: Assets/Scripts/PlayerMovement.cs
  artifactKey: Guid(b71c25f27269cb74983b8439f80ff7e1) Importer(815301076,1909f56bfc062723c751e8b465ee728b)
Start importing Assets/Scripts/PlayerMovement.cs using Guid(b71c25f27269cb74983b8439f80ff7e1) Importer(815301076,1909f56bfc062723c751e8b465ee728b)  -> (artifact id: '42fc1be56d59eabf05a348c50801eedc') in 0.017540 seconds 
  Import took 0.020301 seconds .

AssetImportWorkerClient::OnTransportError - code=2 error=End of file
